------------------------ Start of pmd report ------------------------
Poor Use Of Java Tools:
Othello.java:22:	UnusedPrivateField:	Avoid unused private fields such as 'numMoves'.
PlayerHuman.java:17:	UnusedPrivateField:	Avoid unused private fields such as 'IO_ERROR_MESSAGE'.
OthelloRandomProbability.java:149:	UseVarargs:	Consider using varargs for methods or constructors which take an array the last parameter.
OthelloRandomProbability.java:162:	UseVarargs:	Consider using varargs for methods or constructors which take an array the last parameter.

Overly-Complex/Long Code:
OthelloBoard.java:122:	LogicInversion:	Use opposite operator instead of the logic complement operator.
OthelloBoard.java:157:	LogicInversion:	Use opposite operator instead of the logic complement operator.
OthelloBoard.java:299:	LogicInversion:	Use opposite operator instead of the logic complement operator.
Copy-Paste-Detector found the following repeated code fragments:
Found a 32 line (122 tokens) duplication in the following files: 
Starting at line 33 of OthelloControllerRandomVSGreedy.java
Starting at line 37 of OthelloControllerRandomVSRandom.java

		this.player2 = new PlayerGreedy(this.othello, OthelloBoard.P2);
	}

	/**
	 * Run a game between a player with a random strategy, P1, and the computer
	 * greedy player, P2. The game is played until it is over.
	 */
	public void play() {
		while (!othello.isGameOver()) {
			Move move = null;
			char whosTurn = othello.getWhosTurn();

			if (whosTurn == OthelloBoard.P1)
				move = player1.getMove();
			if (whosTurn == OthelloBoard.P2)
				move = player2.getMove();
			othello.move(move.getRow(), move.getCol());
		}
	}

	/**
	 * Run main to play 10000 games between a computer with a random strategy
	 * against a greedy computer, that picks the first move which maximizes its
	 * number of tokens on the board. The winner of the game is counted, and the
	 * probability of winning is printed out for each player.
	 * 
	 * @param args
	 */
	public static void main(String[] args) {
		int p1wins = 0, p2wins = 0, numGames = 10000;

		for (int i = 0; i < numGames; i++) {

=====================================================================
Found a 33 line (115 tokens) duplication in the following files: 
Starting at line 22 of OthelloControllerHumanVSGreedy.java
Starting at line 20 of OthelloControllerHumanVSHuman.java
Starting at line 23 of OthelloControllerHumanVSRandom.java

		this.player2 = new PlayerGreedy(this.othello, OthelloBoard.P2);
	}

	/**
	 * Run a game between a human player, P1, and the computer greedy player, P2.
	 * The game is played until it is over. The board is displayed with each move.
	 * The final score is displayed when the game is over.
	 */
	public void play() {

		while (!othello.isGameOver()) {
			this.report();

			Move move = null;
			char whosTurn = othello.getWhosTurn();

			if (whosTurn == OthelloBoard.P1)
				move = player1.getMove();
			if (whosTurn == OthelloBoard.P2)
				move = player2.getMove();
			this.reportMove(whosTurn, move);
			othello.move(move.getRow(), move.getCol());
		}
		this.reportFinal();
	}

	/**
	 * Run main to play a Human against a greedy computer, that picks the first move
	 * which maximizes its number of tokens on the board.
	 * 
	 * @param args
	 */
	public static void main(String[] args) {

